<?xml version="1.0" encoding="utf-8"?>
<!DOCTYPE coverage SYSTEM "http://cobertura.sourceforge.net/xml/coverage-04.dtd">
<coverage line-rate="0.1733709010251184" branch-rate="0.09529635671560631" lines-covered="2892" lines-valid="16681" branches-covered="701" branches-valid="7356" complexity="6761" version="0" timestamp="1645195125">
  <sources />
  <packages>
    <package name="Antlr3.Runtime" line-rate="0" branch-rate="0" complexity="1476">
      <classes>
        <class name="Antlr.Runtime.ANTLRFileStream" filename="j:\dev\github\sharwell\antlrcs\Reference\antlr3\runtime\CSharp3\Sources\Antlr3.Runtime\ANTLRFileStream.cs" line-rate="1" branch-rate="1" complexity="NaN">
          <methods>
            <method name="SourceName" signature="()" line-rate="1" branch-rate="1" complexity="NaN">
              <lines />
            </method>
            <method name=".ctor" signature="(System.String)" line-rate="1" branch-rate="1" complexity="NaN">
              <lines />
            </method>
            <method name=".ctor" signature="(System.String,System.Text.Encoding)" line-rate="1" branch-rate="1" complexity="NaN">
              <lines />
            </method>
            <method name="Load" signature="(System.String,System.Text.Encoding)" line-rate="1" branch-rate="1" complexity="NaN">
              <lines />
            </method>
          </methods>
          <lines />
        </class>
        <class name="Antlr.Runtime.ANTLRInputStream" filename="j:\dev\github\sharwell\antlrcs\Reference\antlr3\runtime\CSharp3\Sources\Antlr3.Runtime\ANTLRInputStream.cs" line-rate="1" branch-rate="1" complexity="NaN">
          <methods>
            <method name=".ctor" signature="(System.IO.Stream)" line-rate="1" branch-rate="1" complexity="NaN">
              <lines />
            </method>
            <method name=".ctor" signature="(System.IO.Stream,System.Int32)" line-rate="1" branch-rate="1" complexity="NaN">
              <lines />
            </method>
            <method name=".ctor" signature="(System.IO.Stream,System.Text.Encoding)" line-rate="1" branch-rate="1" complexity="NaN">
              <lines />
            </method>
            <method name=".ctor" signature="(System.IO.Stream,System.Int32,System.Text.Encoding)" line-rate="1" branch-rate="1" complexity="NaN">
              <lines />
            </method>
            <method name=".ctor" signature="(System.IO.Stream,System.Int32,System.Int32,System.Text.Encoding)" line-rate="1" branch-rate="1" complexity="NaN">
              <lines />
            </method>
            <method name="GetStreamReader" signature="(System.IO.Stream,System.Text.Encoding)" line-rate="1" branch-rate="1" complexity="NaN">
              <lines />
            </method>
          </methods>
          <lines />
        </class>
        <class name="Antlr.Runtime.ANTLRReaderStream" filename="j:\dev\github\sharwell\antlrcs\Reference\antlr3\runtime\CSharp3\Sources\Antlr3.Runtime\ANTLRReaderStream.cs" line-rate="1" branch-rate="1" complexity="NaN">
          <methods>
            <method name=".ctor" signature="(System.IO.TextReader)" line-rate="1" branch-rate="1" complexity="NaN">
              <lines />
            </method>
            <method name=".ctor" signature="(System.IO.TextReader,System.Int32)" line-rate="1" branch-rate="1" complexity="NaN">
              <lines />
            </method>
            <method name=".ctor" signature="(System.IO.TextReader,System.Int32,System.Int32)" line-rate="1" branch-rate="1" complexity="NaN">
              <lines />
            </method>
            <method name="Load" signature="(System.IO.TextReader,System.Int32,System.Int32)" line-rate="1" branch-rate="1" complexity="NaN">
              <lines />
            </method>
          </methods>
          <lines />
        </class>
        <class name="Antlr.Runtime.ANTLRStringStream" filename="j:\dev\github\sharwell\antlrcs\Reference\antlr3\runtime\CSharp3\Sources\Antlr3.Runtime\ANTLRStringStream.cs" line-rate="1" branch-rate="1" complexity="10">
          <methods>
            <method name="Index" signature="()" line-rate="1" branch-rate="1" complexity="NaN">
              <lines />
            </method>
            <method name="Line" signature="()" line-rate="1" branch-rate="1" complexity="NaN">
              <lines />
            </method>
            <method name="Line" signature="(System.Int32)" line-rate="1" branch-rate="1" complexity="NaN">
              <lines />
            </method>
            <method name="CharPositionInLine" signature="()" line-rate="1" branch-rate="1" complexity="NaN">
              <lines />
            </method>
            <method name="CharPositionInLine" signature="(System.Int32)" line-rate="1" branch-rate="1" complexity="NaN">
              <lines />
            </method>
            <method name="Count" signature="()" line-rate="1" branch-rate="1" complexity="NaN">
              <lines />
            </method>
            <method name="SourceName" signature="()" line-rate="1" branch-rate="1" complexity="NaN">
              <lines />
            </method>
            <method name=".ctor" signature="(System.String)" line-rate="1" branch-rate="1" complexity="NaN">
              <lines />
            </method>
            <method name=".ctor" signature="(System.String,System.String)" line-rate="1" branch-rate="1" complexity="NaN">
              <lines />
            </method>
            <method name=".ctor" signature="(System.Char[],System.Int32)" line-rate="1" branch-rate="1" complexity="NaN">
              <lines />
            </method>
            <method name=".ctor" signature="(System.Char[],System.Int32,System.String)" line-rate="1" branch-rate="1" complexity="NaN">
              <lines />
            </method>
            <method name=".ctor" signature="()" line-rate="1" branch-rate="1" complexity="1">
              <lines />
            </method>
            <method name="Reset" signature="()" line-rate="1" branch-rate="1" complexity="1">
              <lines />
            </method>
            <method name="Consume" signature="()" line-rate="1" branch-rate="1" complexity="3">
              <lines />
            </method>
            <method name="LA" signature="(System.Int32)" line-rate="1" branch-rate="1" complexity="NaN">
              <lines />
            </method>
            <method name="LT" signature="(System.Int32)" line-rate="1" branch-rate="1" complexity="NaN">
              <lines />
            </method>
            <method name="Mark" signature="()" line-rate="1" branch-rate="1" complexity="3">
              <lines />
            </method>
            <method name="Rewind" signature="(System.Int32)" line-rate="1" branch-rate="1" complexity="NaN">
              <lines />
            </method>
            <method name="Rewind" signature="()" line-rate="1" branch-rate="1" complexity="1">
              <lines />
            </method>
            <method name="Release" signature="(System.Int32)" line-rate="1" branch-rate="1" complexity="NaN">
              <lines />
            </method>
            <method name="Seek" signature="(System.Int32)" line-rate="1" branch-rate="1" complexity="NaN">
              <lines />
            </method>
            <method name="Substring" signature="(System.Int32,System.Int32)" line-rate="1" branch-rate="1" complexity="NaN">
              <lines />
            </method>
            <method name="ToString" signature="()" line-rate="1" branch-rate="1" complexity="1">
              <lines />
            </method>
          </methods>
          <lines />
        </class>
        <class name="Antlr.Runtime.AstParserRuleReturnScope`2" filename="j:\dev\github\sharwell\antlrcs\Reference\antlr3\runtime\CSharp3\Sources\Antlr3.Runtime\AstParserRuleReturnScope`2.cs" line-rate="1" branch-rate="1" complexity="NaN">
          <methods>
            <method name="Tree" signature="()" line-rate="1" branch-rate="1" complexity="NaN">
              <lines />
            </method>
            <method name="Tree" signature="(TTree)" line-rate="1" branch-rate="1" complexity="NaN">
              <lines />
            </method>
            <method name="r.Runtime.IAstRuleReturnScope.get_Tree" signature="()" line-rate="1" branch-rate="1" complexity="NaN">
              <lines />
            </method>
          </methods>
          <lines />
        </class>
        <class name="Antlr.Runtime.BaseRecognizer" filename="j:\dev\github\sharwell\antlrcs\Reference\antlr3\runtime\CSharp3\Sources\Antlr3.Runtime\BaseRecognizer.cs" line-rate="1" branch-rate="1" complexity="16">
          <methods>
            <method name="NumberOfSyntaxErrors" signature="()" line-rate="1" branch-rate="1" complexity="NaN">
              <lines />
            </method>
            <method name="BacktrackingLevel" signature="()" line-rate="1" branch-rate="1" complexity="NaN">
              <lines />
            </method>
            <method name="BacktrackingLevel" signature="(System.Int32)" line-rate="1" branch-rate="1" complexity="NaN">
              <lines />
            </method>
            <method name="Failed" signature="()" line-rate="1" branch-rate="1" complexity="NaN">
              <lines />
            </method>
            <method name="TokenNames" signature="()" line-rate="1" branch-rate="1" complexity="NaN">
              <lines />
            </method>
            <method name="GrammarFileName" signature="()" line-rate="1" branch-rate="1" complexity="NaN">
              <lines />
            </method>
            <method name="DebugListener" signature="()" line-rate="1" branch-rate="1" complexity="NaN">
              <lines />
            </method>
            <method name=".ctor" signature="()" line-rate="1" branch-rate="1" complexity="1">
              <lines />
            </method>
            <method name=".ctor" signature="(Antlr.Runtime.RecognizerSharedState)" line-rate="1" branch-rate="1" complexity="NaN">
              <lines />
            </method>
            <method name="SetState" signature="(Antlr.Runtime.RecognizerSharedState)" line-rate="1" branch-rate="1" complexity="NaN">
              <lines />
            </method>
            <method name="InitDFAs" signature="()" line-rate="1" branch-rate="1" complexity="1">
              <lines />
            </method>
            <method name="Reset" signature="()" line-rate="1" branch-rate="1" complexity="4">
              <lines />
            </method>
            <method name="Match" signature="(Antlr.Runtime.IIntStream,System.Int32,Antlr.Runtime.BitSet)" line-rate="1" branch-rate="1" complexity="NaN">
              <lines />
            </method>
            <method name="MatchAny" signature="(Antlr.Runtime.IIntStream)" line-rate="1" branch-rate="1" complexity="NaN">
              <lines />
            </method>
            <method name="MismatchIsUnwantedToken" signature="(Antlr.Runtime.IIntStream,System.Int32)" line-rate="1" branch-rate="1" complexity="NaN">
              <lines />
            </method>
            <method name="MismatchIsMissingToken" signature="(Antlr.Runtime.IIntStream,Antlr.Runtime.BitSet)" line-rate="1" branch-rate="1" complexity="NaN">
              <lines />
            </method>
            <method name="ReportError" signature="(Antlr.Runtime.RecognitionException)" line-rate="1" branch-rate="1" complexity="NaN">
              <lines />
            </method>
            <method name="DisplayRecognitionError" signature="(System.String[],Antlr.Runtime.RecognitionException)" line-rate="1" branch-rate="1" complexity="NaN">
              <lines />
            </method>
            <method name="GetErrorMessage" signature="(Antlr.Runtime.RecognitionException,System.String[])" line-rate="1" branch-rate="1" complexity="NaN">
              <lines />
            </method>
            <method name="GetErrorHeader" signature="(Antlr.Runtime.RecognitionException)" line-rate="1" branch-rate="1" complexity="NaN">
              <lines />
            </method>
            <method name="GetTokenErrorDisplay" signature="(Antlr.Runtime.IToken)" line-rate="1" branch-rate="1" complexity="NaN">
              <lines />
            </method>
            <method name="EmitErrorMessage" signature="(System.String)" line-rate="1" branch-rate="1" complexity="NaN">
              <lines />
            </method>
            <method name="Recover" signature="(Antlr.Runtime.IIntStream,Antlr.Runtime.RecognitionException)" line-rate="1" branch-rate="1" complexity="NaN">
              <lines />
            </method>
            <method name="BeginResync" signature="()" line-rate="1" branch-rate="1" complexity="1">
              <lines />
            </method>
            <method name="EndResync" signature="()" line-rate="1" branch-rate="1" complexity="1">
              <lines />
            </method>
            <method name="ComputeErrorRecoverySet" signature="()" line-rate="1" branch-rate="1" complexity="1">
              <lines />
            </method>
            <method name="ComputeContextSensitiveRuleFOLLOW" signature="()" line-rate="1" branch-rate="1" complexity="1">
              <lines />
            </method>
            <method name="CombineFollows" signature="(System.Boolean)" line-rate="1" branch-rate="1" complexity="NaN">
              <lines />
            </method>
            <method name="RecoverFromMismatchedToken" signature="(Antlr.Runtime.IIntStream,System.Int32,Antlr.Runtime.BitSet)" line-rate="1" branch-rate="1" complexity="NaN">
              <lines />
            </method>
            <method name="RecoverFromMismatchedSet" signature="(Antlr.Runtime.IIntStream,Antlr.Runtime.RecognitionException,Antlr.Runtime.BitSet)" line-rate="1" branch-rate="1" complexity="NaN">
              <lines />
            </method>
            <method name="GetCurrentInputSymbol" signature="(Antlr.Runtime.IIntStream)" line-rate="1" branch-rate="1" complexity="NaN">
              <lines />
            </method>
            <method name="GetMissingSymbol" signature="(Antlr.Runtime.IIntStream,Antlr.Runtime.RecognitionException,System.Int32,Antlr.Runtime.BitSet)" line-rate="1" branch-rate="1" complexity="NaN">
              <lines />
            </method>
            <method name="ConsumeUntil" signature="(Antlr.Runtime.IIntStream,System.Int32)" line-rate="1" branch-rate="1" complexity="NaN">
              <lines />
            </method>
            <method name="ConsumeUntil" signature="(Antlr.Runtime.IIntStream,Antlr.Runtime.BitSet)" line-rate="1" branch-rate="1" complexity="NaN">
              <lines />
            </method>
            <method name="PushFollow" signature="(Antlr.Runtime.BitSet)" line-rate="1" branch-rate="1" complexity="NaN">
              <lines />
            </method>
            <method name="PopFollow" signature="()" line-rate="1" branch-rate="1" complexity="1">
              <lines />
            </method>
            <method name="GetRuleInvocationStack" signature="()" line-rate="1" branch-rate="1" complexity="1">
              <lines />
            </method>
            <method name="GetRuleInvocationStack" signature="(System.Diagnostics.StackTrace)" line-rate="1" branch-rate="1" complexity="NaN">
              <lines />
            </method>
            <method name="ToStrings" signature="(System.Collections.Generic.ICollection`1&lt;Antlr.Runtime.IToken&gt;)" line-rate="1" branch-rate="1" complexity="NaN">
              <lines />
            </method>
            <method name="GetRuleMemoization" signature="(System.Int32,System.Int32)" line-rate="1" branch-rate="1" complexity="NaN">
              <lines />
            </method>
            <method name="AlreadyParsedRule" signature="(Antlr.Runtime.IIntStream,System.Int32)" line-rate="1" branch-rate="1" complexity="NaN">
              <lines />
            </method>
            <method name="Memoize" signature="(Antlr.Runtime.IIntStream,System.Int32,System.Int32)" line-rate="1" branch-rate="1" complexity="NaN">
              <lines />
            </method>
            <method name="GetRuleMemoizationCacheSize" signature="()" line-rate="1" branch-rate="1" complexity="4">
              <lines />
            </method>
            <method name="TraceIn" signature="(System.String,System.Int32,System.Object)" line-rate="1" branch-rate="1" complexity="NaN">
              <lines />
            </method>
            <method name="TraceOut" signature="(System.String,System.Int32,System.Object)" line-rate="1" branch-rate="1" complexity="NaN">
              <lines />
            </method>
            <method name="DebugEnterRule" signature="(System.String,System.String)" line-rate="1" branch-rate="1" complexity="NaN">
              <lines />
            </method>
            <method name="DebugExitRule" signature="(System.String,System.String)" line-rate="1" branch-rate="1" complexity="NaN">
              <lines />
            </method>
            <method name="DebugEnterSubRule" signature="(System.Int32)" line-rate="1" branch-rate="1" complexity="NaN">
              <lines />
            </method>
            <method name="DebugExitSubRule" signature="(System.Int32)" line-rate="1" branch-rate="1" complexity="NaN">
              <lines />
            </method>
            <method name="DebugEnterAlt" signature="(System.Int32)" line-rate="1" branch-rate="1" complexity="NaN">
              <lines />
            </method>
            <method name="DebugEnterDecision" signature="(System.Int32,System.Boolean)" line-rate="1" branch-rate="1" complexity="NaN">
              <lines />
            </method>
            <method name="DebugExitDecision" signature="(System.Int32)" line-rate="1" branch-rate="1" complexity="NaN">
              <lines />
            </method>
            <method name="DebugLocation" signature="(System.Int32,System.Int32)" line-rate="1" branch-rate="1" complexity="NaN">
              <lines />
            </method>
            <method name="DebugSemanticPredicate" signature="(System.Boolean,System.String)" line-rate="1" branch-rate="1" complexity="NaN">
              <lines />
            </method>
            <method name="DebugBeginBacktrack" signature="(System.Int32)" line-rate="1" branch-rate="1" complexity="NaN">
              <lines />
            </method>
            <method name="DebugEndBacktrack" signature="(System.Int32,System.Boolean)" line-rate="1" branch-rate="1" complexity="NaN">
              <lines />
            </method>
            <method name="DebugRecognitionException" signature="(Antlr.Runtime.RecognitionException)" line-rate="1" branch-rate="1" complexity="NaN">
              <lines />
            </method>
          </methods>
          <lines />
        </class>
        <class name="Antlr.Runtime.BitSet" filename="j:\dev\github\sharwell\antlrcs\Reference\antlr3\runtime\CSharp3\Sources\Antlr3.Runtime\BitSet.cs" line-rate="1" branch-rate="1" complexity="17">
          <methods>
            <method name=".ctor" signature="()" line-rate="1" branch-rate="1" complexity="1">
              <lines />
            </method>
            <method name=".ctor" signature="(System.UInt64[])" line-rate="1" branch-rate="1" complexity="NaN">
              <lines />
            </method>
            <method name=".ctor" signature="(System.Collections.Generic.IEnumerable`1&lt;System.Int32&gt;)" line-rate="1" branch-rate="1" complexity="NaN">
              <lines />
            </method>
            <method name=".ctor" signature="(System.Int32)" line-rate="1" branch-rate="1" complexity="NaN">
              <lines />
            </method>
            <method name="Of" signature="(System.Int32)" line-rate="1" branch-rate="1" complexity="NaN">
              <lines />
            </method>
            <method name="Of" signature="(System.Int32,System.Int32)" line-rate="1" branch-rate="1" complexity="NaN">
              <lines />
            </method>
            <method name="Of" signature="(System.Int32,System.Int32,System.Int32)" line-rate="1" branch-rate="1" complexity="NaN">
              <lines />
            </method>
            <method name="Of" signature="(System.Int32,System.Int32,System.Int32,System.Int32)" line-rate="1" branch-rate="1" complexity="NaN">
              <lines />
            </method>
            <method name="Or" signature="(Antlr.Runtime.BitSet)" line-rate="1" branch-rate="1" complexity="NaN">
              <lines />
            </method>
            <method name="Add" signature="(System.Int32)" line-rate="1" branch-rate="1" complexity="NaN">
              <lines />
            </method>
            <method name="GrowToInclude" signature="(System.Int32)" line-rate="1" branch-rate="1" complexity="NaN">
              <lines />
            </method>
            <method name="OrInPlace" signature="(Antlr.Runtime.BitSet)" line-rate="1" branch-rate="1" complexity="NaN">
              <lines />
            </method>
            <method name="SetSize" signature="(System.Int32)" line-rate="1" branch-rate="1" complexity="NaN">
              <lines />
            </method>
            <method name="BitMask" signature="(System.Int32)" line-rate="1" branch-rate="1" complexity="NaN">
              <lines />
            </method>
            <method name="Clone" signature="()" line-rate="1" branch-rate="1" complexity="1">
              <lines />
            </method>
            <method name="Size" signature="()" line-rate="1" branch-rate="1" complexity="5">
              <lines />
            </method>
            <method name="GetHashCode" signature="()" line-rate="1" branch-rate="1" complexity="1">
              <lines />
            </method>
            <method name="Equals" signature="(System.Object)" line-rate="1" branch-rate="1" complexity="NaN">
              <lines />
            </method>
            <method name="Member" signature="(System.Int32)" line-rate="1" branch-rate="1" complexity="NaN">
              <lines />
            </method>
            <method name="Remove" signature="(System.Int32)" line-rate="1" branch-rate="1" complexity="NaN">
              <lines />
            </method>
            <method name="IsNil" signature="()" line-rate="1" branch-rate="1" complexity="3">
              <lines />
            </method>
            <method name="NumWordsToHold" signature="(System.Int32)" line-rate="1" branch-rate="1" complexity="NaN">
              <lines />
            </method>
            <method name="NumBits" signature="()" line-rate="1" branch-rate="1" complexity="1">
              <lines />
            </method>
            <method name="LengthInLongWords" signature="()" line-rate="1" branch-rate="1" complexity="1">
              <lines />
            </method>
            <method name="ToArray" signature="()" line-rate="1" branch-rate="1" complexity="3">
              <lines />
            </method>
            <method name="WordNumber" signature="(System.Int32)" line-rate="1" branch-rate="1" complexity="NaN">
              <lines />
            </method>
            <method name="ToString" signature="()" line-rate="1" branch-rate="1" complexity="1">
              <lines />
            </method>
            <method name="ToString" signature="(System.String[])" line-rate="1" branch-rate="1" complexity="NaN">
              <lines />
            </method>
          </methods>
          <lines />
        </class>
        <class name="Antlr.Runtime.BufferedTokenStream" filename="j:\dev\github\sharwell\antlrcs\Reference\antlr3\runtime\CSharp3\Sources\Antlr3.Runtime\BufferedTokenStream.cs" line-rate="1" branch-rate="1" complexity="15">
          <methods>
            <method name="TokenSource" signature="()" line-rate="1" branch-rate="1" complexity="NaN">
              <lines />
            </method>
            <method name="TokenSource" signature="(Antlr.Runtime.ITokenSource)" line-rate="1" branch-rate="1" complexity="NaN">
              <lines />
            </method>
            <method name="Index" signature="()" line-rate="1" branch-rate="1" complexity="NaN">
              <lines />
            </method>
            <method name="Count" signature="()" line-rate="1" branch-rate="1" complexity="NaN">
              <lines />
            </method>
            <method name="SourceName" signature="()" line-rate="1" branch-rate="1" complexity="NaN">
              <lines />
            </method>
            <method name="LastToken" signature="()" line-rate="1" branch-rate="1" complexity="NaN">
              <lines />
            </method>
            <method name="LastRealToken" signature="()" line-rate="1" branch-rate="1" complexity="NaN">
              <lines />
            </method>
            <method name="MaxLookBehind" signature="()" line-rate="1" branch-rate="1" complexity="NaN">
              <lines />
            </method>
            <method name=".ctor" signature="()" line-rate="1" branch-rate="1" complexity="1">
              <lines />
            </method>
            <method name=".ctor" signature="(Antlr.Runtime.ITokenSource)" line-rate="1" branch-rate="1" complexity="NaN">
              <lines />
            </method>
            <method name="Mark" signature="()" line-rate="1" branch-rate="1" complexity="2">
              <lines />
            </method>
            <method name="Release" signature="(System.Int32)" line-rate="1" branch-rate="1" complexity="NaN">
              <lines />
            </method>
            <method name="Rewind" signature="(System.Int32)" line-rate="1" branch-rate="1" complexity="NaN">
              <lines />
            </method>
            <method name="Rewind" signature="()" line-rate="1" branch-rate="1" complexity="1">
              <lines />
            </method>
            <method name="Reset" signature="()" line-rate="1" branch-rate="1" complexity="1">
              <lines />
            </method>
            <method name="Seek" signature="(System.Int32)" line-rate="1" branch-rate="1" complexity="NaN">
              <lines />
            </method>
            <method name="Consume" signature="()" line-rate="1" branch-rate="1" complexity="2">
              <lines />
            </method>
            <method name="Sync" signature="(System.Int32)" line-rate="1" branch-rate="1" complexity="NaN">
              <lines />
            </method>
            <method name="Fetch" signature="(System.Int32)" line-rate="1" branch-rate="1" complexity="NaN">
              <lines />
            </method>
            <method name="Get" signature="(System.Int32)" line-rate="1" branch-rate="1" complexity="NaN">
              <lines />
            </method>
            <method name="LA" signature="(System.Int32)" line-rate="1" branch-rate="1" complexity="NaN">
              <lines />
            </method>
            <method name="LB" signature="(System.Int32)" line-rate="1" branch-rate="1" complexity="NaN">
              <lines />
            </method>
            <method name="LT" signature="(System.Int32)" line-rate="1" branch-rate="1" complexity="NaN">
              <lines />
            </method>
            <method name="Setup" signature="()" line-rate="1" branch-rate="1" complexity="1">
              <lines />
            </method>
            <method name="GetTokens" signature="()" line-rate="1" branch-rate="1" complexity="1">
              <lines />
            </method>
            <method name="GetTokens" signature="(System.Int32,System.Int32)" line-rate="1" branch-rate="1" complexity="NaN">
              <lines />
            </method>
            <method name="GetTokens" signature="(System.Int32,System.Int32,Antlr.Runtime.BitSet)" line-rate="1" branch-rate="1" complexity="NaN">
              <lines />
            </method>
            <method name="GetTokens" signature="(System.Int32,System.Int32,System.Collections.Generic.IEnumerable`1&lt;System.Int32&gt;)" line-rate="1" branch-rate="1" complexity="NaN">
              <lines />
            </method>
            <method name="GetTokens" signature="(System.Int32,System.Int32,System.Int32)" line-rate="1" branch-rate="1" complexity="NaN">
              <lines />
            </method>
            <method name="ToString" signature="()" line-rate="1" branch-rate="1" complexity="2">
              <lines />
            </method>
            <method name="ToString" signature="(System.Int32,System.Int32)" line-rate="1" branch-rate="1" complexity="NaN">
              <lines />
            </method>
            <method name="ToString" signature="(Antlr.Runtime.IToken,Antlr.Runtime.IToken)" line-rate="1" branch-rate="1" complexity="NaN">
              <lines />
            </method>
            <method name="Fill" signature="()" line-rate="1" branch-rate="1" complexity="4">
              <lines />
            </method>
          </methods>
          <lines />
        </class>
        <class name="Antlr.Runtime.ClassicToken" filename="j:\dev\github\sharwell\antlrcs\Reference\antlr3\runtime\CSharp3\Sources\Antlr3.Runtime\ClassicToken.cs" line-rate="1" branch-rate="1" complexity="3">
          <methods>
            <method name="Text" signature="()" line-rate="1" branch-rate="1" complexity="NaN">
              <lines />
            </method>
            <method name="Text" signature="(System.String)" line-rate="1" branch-rate="1" complexity="NaN">
              <lines />
            </method>
            <method name="Type" signature="()" line-rate="1" branch-rate="1" complexity="NaN">
              <lines />
            </method>
            <method name="Type" signature="(System.Int32)" line-rate="1" branch-rate="1" complexity="NaN">
              <lines />
            </method>
            <method name="Line" signature="()" line-rate="1" branch-rate="1" complexity="NaN">
              <lines />
            </method>
            <method name="Line" signature="(System.Int32)" line-rate="1" branch-rate="1" complexity="NaN">
              <lines />
            </method>
            <method name="CharPositionInLine" signature="()" line-rate="1" branch-rate="1" complexity="NaN">
              <lines />
            </method>
            <method name="CharPositionInLine" signature="(System.Int32)" line-rate="1" branch-rate="1" complexity="NaN">
              <lines />
            </method>
            <method name="Channel" signature="()" line-rate="1" branch-rate="1" complexity="NaN">
              <lines />
            </method>
            <method name="Channel" signature="(System.Int32)" line-rate="1" branch-rate="1" complexity="NaN">
              <lines />
            </method>
            <method name="StartIndex" signature="()" line-rate="1" branch-rate="1" complexity="NaN">
              <lines />
            </method>
            <method name="StartIndex" signature="(System.Int32)" line-rate="1" branch-rate="1" complexity="NaN">
              <lines />
            </method>
            <method name="StopIndex" signature="()" line-rate="1" branch-rate="1" complexity="NaN">
              <lines />
            </method>
            <method name="StopIndex" signature="(System.Int32)" line-rate="1" branch-rate="1" complexity="NaN">
              <lines />
            </method>
            <method name="TokenIndex" signature="()" line-rate="1" branch-rate="1" complexity="NaN">
              <lines />
            </method>
            <method name="TokenIndex" signature="(System.Int32)" line-rate="1" branch-rate="1" complexity="NaN">
              <lines />
            </method>
            <method name="InputStream" signature="()" line-rate="1" branch-rate="1" complexity="NaN">
              <lines />
            </method>
            <method name="InputStream" signature="(Antlr.Runtime.ICharStream)" line-rate="1" branch-rate="1" complexity="NaN">
              <lines />
            </method>
            <method name=".ctor" signature="(System.Int32)" line-rate="1" branch-rate="1" complexity="NaN">
              <lines />
            </method>
            <method name=".ctor" signature="(Antlr.Runtime.IToken)" line-rate="1" branch-rate="1" complexity="NaN">
              <lines />
            </method>
            <method name=".ctor" signature="(System.Int32,System.String)" line-rate="1" branch-rate="1" complexity="NaN">
              <lines />
            </method>
            <method name=".ctor" signature="(System.Int32,System.String,System.Int32)" line-rate="1" branch-rate="1" complexity="NaN">
              <lines />
            </method>
            <method name="ToString" signature="()" line-rate="1" branch-rate="1" complexity="3">
              <lines />
            </method>
          </methods>
          <lines />
        </class>
        <class name="Antlr.Runtime.CommonToken" filename="j:\dev\github\sharwell\antlrcs\Reference\antlr3\runtime\CSharp3\Sources\Antlr3.Runtime\CommonToken.cs" line-rate="1" branch-rate="1" complexity="4">
          <methods>
            <method name="Text" signature="()" line-rate="1" branch-rate="1" complexity="NaN">
              <lines />
            </method>
            <method name="Text" signature="(System.String)" line-rate="1" branch-rate="1" complexity="NaN">
              <lines />
            </method>
            <method name="Type" signature="()" line-rate="1" branch-rate="1" complexity="NaN">
              <lines />
            </method>
            <method name="Type" signature="(System.Int32)" line-rate="1" branch-rate="1" complexity="NaN">
              <lines />
            </method>
            <method name="Line" signature="()" line-rate="1" branch-rate="1" complexity="NaN">
              <lines />
            </method>
            <method name="Line" signature="(System.Int32)" line-rate="1" branch-rate="1" complexity="NaN">
              <lines />
            </method>
            <method name="CharPositionInLine" signature="()" line-rate="1" branch-rate="1" complexity="NaN">
              <lines />
            </method>
            <method name="CharPositionInLine" signature="(System.Int32)" line-rate="1" branch-rate="1" complexity="NaN">
              <lines />
            </method>
            <method name="Channel" signature="()" line-rate="1" branch-rate="1" complexity="NaN">
              <lines />
            </method>
            <method name="Channel" signature="(System.Int32)" line-rate="1" branch-rate="1" complexity="NaN">
              <lines />
            </method>
            <method name="StartIndex" signature="()" line-rate="1" branch-rate="1" complexity="NaN">
              <lines />
            </method>
            <method name="StartIndex" signature="(System.Int32)" line-rate="1" branch-rate="1" complexity="NaN">
              <lines />
            </method>
            <method name="StopIndex" signature="()" line-rate="1" branch-rate="1" complexity="NaN">
              <lines />
            </method>
            <method name="StopIndex" signature="(System.Int32)" line-rate="1" branch-rate="1" complexity="NaN">
              <lines />
            </method>
            <method name="TokenIndex" signature="()" line-rate="1" branch-rate="1" complexity="NaN">
              <lines />
            </method>
            <method name="TokenIndex" signature="(System.Int32)" line-rate="1" branch-rate="1" complexity="NaN">
              <lines />
            </method>
            <method name="InputStream" signature="()" line-rate="1" branch-rate="1" complexity="NaN">
              <lines />
            </method>
            <method name="InputStream" signature="(Antlr.Runtime.ICharStream)" line-rate="1" branch-rate="1" complexity="NaN">
              <lines />
            </method>
            <method name=".ctor" signature="()" line-rate="1" branch-rate="1" complexity="1">
              <lines />
            </method>
            <method name=".ctor" signature="(System.Int32)" line-rate="1" branch-rate="1" complexity="NaN">
              <lines />
            </method>
            <method name=".ctor" signature="(Antlr.Runtime.ICharStream,System.Int32,System.Int32,System.Int32,System.Int32)" line-rate="1" branch-rate="1" complexity="NaN">
              <lines />
            </method>
            <method name=".ctor" signature="(System.Int32,System.String)" line-rate="1" branch-rate="1" complexity="NaN">
              <lines />
            </method>
            <method name=".ctor" signature="(Antlr.Runtime.IToken)" line-rate="1" branch-rate="1" complexity="NaN">
              <lines />
            </method>
            <method name="ToString" signature="()" line-rate="1" branch-rate="1" complexity="3">
              <lines />
            </method>
            <method name="OnSerializing" signature="(System.Runtime.Serialization.StreamingContext)" line-rate="1" branch-rate="1" complexity="NaN">
              <lines />
            </method>
          </methods>
          <lines />
        </class>
        <class name="Antlr.Runtime.CommonTokenStream" filename="j:\dev\github\sharwell\antlrcs\Reference\antlr3\runtime\CSharp3\Sources\Antlr3.Runtime\CommonTokenStream.cs" line-rate="1" branch-rate="1" complexity="5">
          <methods>
            <method name="Channel" signature="()" line-rate="1" branch-rate="1" complexity="NaN">
              <lines />
            </method>
            <method name="TokenSource" signature="()" line-rate="1" branch-rate="1" complexity="NaN">
              <lines />
            </method>
            <method name="TokenSource" signature="(Antlr.Runtime.ITokenSource)" line-rate="1" branch-rate="1" complexity="NaN">
              <lines />
            </method>
            <method name=".ctor" signature="()" line-rate="1" branch-rate="1" complexity="1">
              <lines />
            </method>
            <method name=".ctor" signature="(Antlr.Runtime.ITokenSource)" line-rate="1" branch-rate="1" complexity="NaN">
              <lines />
            </method>
            <method name=".ctor" signature="(Antlr.Runtime.ITokenSource,System.Int32)" line-rate="1" branch-rate="1" complexity="NaN">
              <lines />
            </method>
            <method name="Consume" signature="()" line-rate="1" branch-rate="1" complexity="2">
              <lines />
            </method>
            <method name="LB" signature="(System.Int32)" line-rate="1" branch-rate="1" complexity="NaN">
              <lines />
            </method>
            <method name="LT" signature="(System.Int32)" line-rate="1" branch-rate="1" complexity="NaN">
              <lines />
            </method>
            <method name="SkipOffTokenChannels" signature="(System.Int32)" line-rate="1" branch-rate="1" complexity="NaN">
              <lines />
            </method>
            <method name="SkipOffTokenChannelsReverse" signature="(System.Int32)" line-rate="1" branch-rate="1" complexity="NaN">
              <lines />
            </method>
            <method name="Reset" signature="()" line-rate="1" branch-rate="1" complexity="1">
              <lines />
            </method>
            <method name="Setup" signature="()" line-rate="1" branch-rate="1" complexity="1">
              <lines />
            </method>
          </methods>
          <lines />
        </class>
        <class name="Antlr.Runtime.DFA" filename="j:\dev\github\sharwell\antlrcs\Reference\antlr3\runtime\CSharp3\Sources\Antlr3.Runtime\DFA.cs" line-rate="1" branch-rate="1" complexity="1">
          <methods>
            <method name="Description" signature="()" line-rate="1" branch-rate="1" complexity="NaN">
              <lines />
            </method>
            <method name=".ctor" signature="()" line-rate="1" branch-rate="1" complexity="1">
              <lines />
            </method>
            <method name=".ctor" signature="(Antlr.Runtime.SpecialStateTransitionHandler)" line-rate="1" branch-rate="1" complexity="NaN">
              <lines />
            </method>
            <method name="Predict" signature="(Antlr.Runtime.IIntStream)" line-rate="1" branch-rate="1" complexity="NaN">
              <lines />
            </method>
            <method name="DfaDebugMessage" signature="(System.String,System.Object[])" line-rate="1" branch-rate="1" complexity="NaN">
              <lines />
            </method>
            <method name="DfaDebugInvalidSymbol" signature="(System.Int32)" line-rate="1" branch-rate="1" complexity="NaN">
              <lines />
            </method>
            <method name="NoViableAlt" signature="(System.Int32,Antlr.Runtime.IIntStream)" line-rate="1" branch-rate="1" complexity="NaN">
              <lines />
            </method>
            <method name="Error" signature="(Antlr.Runtime.NoViableAltException)" line-rate="1" branch-rate="1" complexity="NaN">
              <lines />
            </method>
            <method name="SpecialStateTransitionDefault" signature="(Antlr.Runtime.DFA,System.Int32,Antlr.Runtime.IIntStream)" line-rate="1" branch-rate="1" complexity="NaN">
              <lines />
            </method>
            <method name="UnpackEncodedString" signature="(System.String)" line-rate="1" branch-rate="1" complexity="NaN">
              <lines />
            </method>
            <method name="UnpackEncodedStringToUnsignedChars" signature="(System.String)" line-rate="1" branch-rate="1" complexity="NaN">
              <lines />
            </method>
            <method name="DebugRecognitionException" signature="(Antlr.Runtime.RecognitionException)" line-rate="1" branch-rate="1" complexity="NaN">
              <lines />
            </method>
          </methods>
          <lines />
        </class>
        <class name="Antlr.Runtime.EarlyExitException" filename="j:\dev\github\sharwell\antlrcs\Reference\antlr3\runtime\CSharp3\Sources\Antlr3.Runtime\EarlyExitException.cs" line-rate="1" branch-rate="1" complexity="1">
          <methods>
            <method name="DecisionNumber" signature="()" line-rate="1" branch-rate="1" complexity="NaN">
              <lines />
            </method>
            <method name=".ctor" signature="()" line-rate="1" branch-rate="1" complexity="1">
              <lines />
            </method>
            <method name=".ctor" signature="(System.String)" line-rate="1" branch-rate="1" complexity="NaN">
              <lines />
            </method>
            <method name=".ctor" signature="(System.String,System.Exception)" line-rate="1" branch-rate="1" complexity="NaN">
              <lines />
            </method>
            <method name=".ctor" signature="(System.Int32,Antlr.Runtime.IIntStream)" line-rate="1" branch-rate="1" complexity="NaN">
              <lines />
            </method>
            <method name=".ctor" signature="(System.String,System.Int32,Antlr.Runtime.IIntStream)" line-rate="1" branch-rate="1" complexity="NaN">
              <lines />
            </method>
            <method name=".ctor" signature="(System.String,System.Int32,Antlr.Runtime.IIntStream,System.Exception)" line-rate="1" branch-rate="1" complexity="NaN">
              <lines />
            </method>
            <method name=".ctor" signature="(System.Runtime.Serialization.SerializationInfo,System.Runtime.Serialization.StreamingContext)" line-rate="1" branch-rate="1" complexity="NaN">
              <lines />
            </method>
            <method name="GetObjectData" signature="(System.Runtime.Serialization.SerializationInfo,System.Runtime.Serialization.StreamingContext)" line-rate="1" branch-rate="1" complexity="NaN">
              <lines />
            </method>
          </methods>
          <lines />
        </class>
        <class name="Antlr.Runtime.FailedPredicateException" filename="j:\dev\github\sharwell\antlrcs\Reference\antlr3\runtime\CSharp3\Sources\Antlr3.Runtime\FailedPredicateException.cs" line-rate="1" branch-rate="1" complexity="2">
          <methods>
            <method name="RuleName" signature="()" line-rate="1" branch-rate="1" complexity="NaN">
              <lines />
            </method>
            <method name="PredicateText" signature="()" line-rate="1" branch-rate="1" complexity="NaN">
              <lines />
            </method>
            <method name=".ctor" signature="()" line-rate="1" branch-rate="1" complexity="1">
              <lines />
            </method>
            <method name=".ctor" signature="(System.String)" line-rate="1" branch-rate="1" complexity="NaN">
              <lines />
            </method>
            <method name=".ctor" signature="(System.String,System.Exception)" line-rate="1" branch-rate="1" complexity="NaN">
              <lines />
            </method>
            <method name=".ctor" signature="(Antlr.Runtime.IIntStream,System.String,System.String)" line-rate="1" branch-rate="1" complexity="NaN">
              <lines />
            </method>
            <method name=".ctor" signature="(System.String,Antlr.Runtime.IIntStream,System.String,System.String)" line-rate="1" branch-rate="1" complexity="NaN">
              <lines />
            </method>
            <method name=".ctor" signature="(System.String,Antlr.Runtime.IIntStream,System.String,System.String,System.Exception)" line-rate="1" branch-rate="1" complexity="NaN">
              <lines />
            </method>
            <method name=".ctor" signature="(System.Runtime.Serialization.SerializationInfo,System.Runtime.Serialization.StreamingContext)" line-rate="1" branch-rate="1" complexity="NaN">
              <lines />
            </method>
            <method name="GetObjectData" signature="(System.Runtime.Serialization.SerializationInfo,System.Runtime.Serialization.StreamingContext)" line-rate="1" branch-rate="1" complexity="NaN">
              <lines />
            </method>
            <method name="ToString" signature="()" line-rate="1" branch-rate="1" complexity="1">
              <lines />
            </method>
          </methods>
          <lines />
        </class>
        <class name="Antlr.Runtime.GrammarRuleAttribute" filename="j:\dev\github\sharwell\antlrcs\Reference\antlr3\runtime\CSharp3\Sources\Antlr3.Runtime\GrammarRuleAttribute.cs" line-rate="1" branch-rate="1" complexity="NaN">
          <methods>
            <method name="Name" signature="()" line-rate="1" branch-rate="1" complexity="NaN">
              <lines />
            </method>
            <method name=".ctor" signature="(System.String)" line-rate="1" branch-rate="1" complexity="NaN">
              <lines />
            </method>
          </methods>
          <lines />
        </class>
        <class name="Antlr.Runtime.LegacyCommonTokenStream" filename="j:\dev\github\sharwell\antlrcs\Reference\antlr3\runtime\CSharp3\Sources\Antlr3.Runtime\LegacyCommonTokenStream.cs" line-rate="1" branch-rate="1" complexity="22">
          <methods>
            <method name="Index" signature="()" line-rate="1" branch-rate="1" complexity="NaN">
              <lines />
            </method>
            <method name="Count" signature="()" line-rate="1" branch-rate="1" complexity="NaN">
              <lines />
            </method>
            <method name="TokenSource" signature="()" line-rate="1" branch-rate="1" complexity="NaN">
              <lines />
            </method>
            <method name="SourceName" signature="()" line-rate="1" branch-rate="1" complexity="NaN">
              <lines />
            </method>
            <method name=".ctor" signature="()" line-rate="1" branch-rate="1" complexity="1">
              <lines />
            </method>
            <method name=".ctor" signature="(Antlr.Runtime.ITokenSource)" line-rate="1" branch-rate="1" complexity="NaN">
              <lines />
            </method>
            <method name=".ctor" signature="(Antlr.Runtime.ITokenSource,System.Int32)" line-rate="1" branch-rate="1" complexity="NaN">
              <lines />
            </method>
            <method name="SetTokenSource" signature="(Antlr.Runtime.ITokenSource)" line-rate="1" branch-rate="1" complexity="NaN">
              <lines />
            </method>
            <method name="FillBuffer" signature="()" line-rate="1" branch-rate="1" complexity="11">
              <lines />
            </method>
            <method name="Consume" signature="()" line-rate="1" branch-rate="1" complexity="2">
              <lines />
            </method>
            <method name="SkipOffTokenChannels" signature="(System.Int32)" line-rate="1" branch-rate="1" complexity="NaN">
              <lines />
            </method>
            <method name="SkipOffTokenChannelsReverse" signature="(System.Int32)" line-rate="1" branch-rate="1" complexity="NaN">
              <lines />
            </method>
            <method name="SetTokenTypeChannel" signature="(System.Int32,System.Int32)" line-rate="1" branch-rate="1" complexity="NaN">
              <lines />
            </method>
            <method name="DiscardTokenType" signature="(System.Int32)" line-rate="1" branch-rate="1" complexity="NaN">
              <lines />
            </method>
            <method name="SetDiscardOffChannelTokens" signature="(System.Boolean)" line-rate="1" branch-rate="1" complexity="NaN">
              <lines />
            </method>
            <method name="GetTokens" signature="()" line-rate="1" branch-rate="1" complexity="2">
              <lines />
            </method>
            <method name="GetTokens" signature="(System.Int32,System.Int32)" line-rate="1" branch-rate="1" complexity="NaN">
              <lines />
            </method>
            <method name="GetTokens" signature="(System.Int32,System.Int32,Antlr.Runtime.BitSet)" line-rate="1" branch-rate="1" complexity="NaN">
              <lines />
            </method>
            <method name="GetTokens" signature="(System.Int32,System.Int32,System.Collections.Generic.IList`1&lt;System.Int32&gt;)" line-rate="1" branch-rate="1" complexity="NaN">
              <lines />
            </method>
            <method name="GetTokens" signature="(System.Int32,System.Int32,System.Int32)" line-rate="1" branch-rate="1" complexity="NaN">
              <lines />
            </method>
            <method name="LT" signature="(System.Int32)" line-rate="1" branch-rate="1" complexity="NaN">
              <lines />
            </method>
            <method name="LB" signature="(System.Int32)" line-rate="1" branch-rate="1" complexity="NaN">
              <lines />
            </method>
            <method name="Get" signature="(System.Int32)" line-rate="1" branch-rate="1" complexity="NaN">
              <lines />
            </method>
            <method name="LA" signature="(System.Int32)" line-rate="1" branch-rate="1" complexity="NaN">
              <lines />
            </method>
            <method name="Mark" signature="()" line-rate="1" branch-rate="1" complexity="2">
              <lines />
            </method>
            <method name="Release" signature="(System.Int32)" line-rate="1" branch-rate="1" complexity="NaN">
              <lines />
            </method>
            <method name="Rewind" signature="(System.Int32)" line-rate="1" branch-rate="1" complexity="NaN">
              <lines />
            </method>
            <method name="Rewind" signature="()" line-rate="1" branch-rate="1" complexity="1">
              <lines />
            </method>
            <method name="Reset" signature="()" line-rate="1" branch-rate="1" complexity="1">
              <lines />
            </method>
            <method name="Seek" signature="(System.Int32)" line-rate="1" branch-rate="1" complexity="NaN">
              <lines />
            </method>
            <method name="ToString" signature="()" line-rate="1" branch-rate="1" complexity="2">
              <lines />
            </method>
            <method name="ToString" signature="(System.Int32,System.Int32)" line-rate="1" branch-rate="1" complexity="NaN">
              <lines />
            </method>
            <method name="ToString" signature="(Antlr.Runtime.IToken,Antlr.Runtime.IToken)" line-rate="1" branch-rate="1" complexity="NaN">
              <lines />
            </method>
          </methods>
          <lines />
        </class>
        <class name="Antlr.Runtime.Lexer" filename="j:\dev\github\sharwell\antlrcs\Reference\antlr3\runtime\CSharp3\Sources\Antlr3.Runtime\Lexer.cs" line-rate="1" branch-rate="1" complexity="13">
          <methods>
            <method name="Text" signature="()" line-rate="1" branch-rate="1" complexity="NaN">
              <lines />
            </method>
            <method name="Text" signature="(System.String)" line-rate="1" branch-rate="1" complexity="NaN">
              <lines />
            </method>
            <method name="Line" signature="()" line-rate="1" branch-rate="1" complexity="NaN">
              <lines />
            </method>
            <method name="Line" signature="(System.Int32)" line-rate="1" branch-rate="1" complexity="NaN">
              <lines />
            </method>
            <method name="CharPositionInLine" signature="()" line-rate="1" branch-rate="1" complexity="NaN">
              <lines />
            </method>
            <method name="CharPositionInLine" signature="(System.Int32)" line-rate="1" branch-rate="1" complexity="NaN">
              <lines />
            </method>
            <method name="CharStream" signature="()" line-rate="1" branch-rate="1" complexity="NaN">
              <lines />
            </method>
            <method name="CharStream" signature="(Antlr.Runtime.ICharStream)" line-rate="1" branch-rate="1" complexity="NaN">
              <lines />
            </method>
            <method name="SourceName" signature="()" line-rate="1" branch-rate="1" complexity="NaN">
              <lines />
            </method>
            <method name="CharIndex" signature="()" line-rate="1" branch-rate="1" complexity="NaN">
              <lines />
            </method>
            <method name=".ctor" signature="()" line-rate="1" branch-rate="1" complexity="1">
              <lines />
            </method>
            <method name=".ctor" signature="(Antlr.Runtime.ICharStream)" line-rate="1" branch-rate="1" complexity="NaN">
              <lines />
            </method>
            <method name=".ctor" signature="(Antlr.Runtime.ICharStream,Antlr.Runtime.RecognizerSharedState)" line-rate="1" branch-rate="1" complexity="NaN">
              <lines />
            </method>
            <method name="Reset" signature="()" line-rate="1" branch-rate="1" complexity="3">
              <lines />
            </method>
            <method name="NextToken" signature="()" line-rate="1" branch-rate="1" complexity="4">
              <lines />
            </method>
            <method name="GetEndOfFileToken" signature="()" line-rate="1" branch-rate="1" complexity="1">
              <lines />
            </method>
            <method name="Skip" signature="()" line-rate="1" branch-rate="1" complexity="1">
              <lines />
            </method>
            <method name="Emit" signature="(Antlr.Runtime.IToken)" line-rate="1" branch-rate="1" complexity="NaN">
              <lines />
            </method>
            <method name="Emit" signature="()" line-rate="1" branch-rate="1" complexity="1">
              <lines />
            </method>
            <method name="Match" signature="(System.String)" line-rate="1" branch-rate="1" complexity="NaN">
              <lines />
            </method>
            <method name="MatchAny" signature="()" line-rate="1" branch-rate="1" complexity="1">
              <lines />
            </method>
            <method name="Match" signature="(System.Int32)" line-rate="1" branch-rate="1" complexity="NaN">
              <lines />
            </method>
            <method name="MatchRange" signature="(System.Int32,System.Int32)" line-rate="1" branch-rate="1" complexity="NaN">
              <lines />
            </method>
            <method name="ReportError" signature="(Antlr.Runtime.RecognitionException)" line-rate="1" branch-rate="1" complexity="NaN">
              <lines />
            </method>
            <method name="GetErrorMessage" signature="(Antlr.Runtime.RecognitionException,System.String[])" line-rate="1" branch-rate="1" complexity="NaN">
              <lines />
            </method>
            <method name="GetCharErrorDisplay" signature="(System.Int32)" line-rate="1" branch-rate="1" complexity="NaN">
              <lines />
            </method>
            <method name="Recover" signature="(Antlr.Runtime.RecognitionException)" line-rate="1" branch-rate="1" complexity="NaN">
              <lines />
            </method>
            <method name="TraceIn" signature="(System.String,System.Int32)" line-rate="1" branch-rate="1" complexity="NaN">
              <lines />
            </method>
            <method name="TraceOut" signature="(System.String,System.Int32)" line-rate="1" branch-rate="1" complexity="NaN">
              <lines />
            </method>
            <method name="ParseNextToken" signature="()" line-rate="1" branch-rate="1" complexity="1">
              <lines />
            </method>
          </methods>
          <lines />
        </class>
        <class name="Antlr.Runtime.Misc.FastQueue`1" filename="j:\dev\github\sharwell\antlrcs\Reference\antlr3\runtime\CSharp3\Sources\Antlr3.Runtime\Misc\FastQueue.cs" line-rate="1" branch-rate="1" complexity="9">
          <methods>
            <method name="Count" signature="()" line-rate="1" branch-rate="1" complexity="NaN">
              <lines />
            </method>
            <method name="Item" signature="(System.Int32)" line-rate="1" branch-rate="1" complexity="NaN">
              <lines />
            </method>
            <method name="Dequeue" signature="()" line-rate="1" branch-rate="1" complexity="3">
              <lines />
            </method>
            <method name="Enqueue" signature="(T)" line-rate="1" branch-rate="1" complexity="NaN">
              <lines />
            </method>
            <method name="Peek" signature="()" line-rate="1" branch-rate="1" complexity="1">
              <lines />
            </method>
            <method name="Clear" signature="()" line-rate="1" branch-rate="1" complexity="1">
              <lines />
            </method>
            <method name="ToString" signature="()" line-rate="1" branch-rate="1" complexity="3">
              <lines />
            </method>
            <method name=".ctor" signature="()" line-rate="1" branch-rate="1" complexity="1">
              <lines />
            </method>
          </methods>
          <lines />
        </class>
        <class name="Antlr.Runtime.Misc.ListStack`1" filename="j:\dev\github\sharwell\antlrcs\Reference\antlr3\runtime\CSharp3\Sources\Antlr3.Runtime\Misc\ListStack`1.cs" line-rate="1" branch-rate="1" complexity="3">
          <methods>
            <method name="Peek" signature="()" line-rate="1" branch-rate="1" complexity="1">
              <lines />
            </method>
            <method name="Peek" signature="(System.Int32)" line-rate="1" branch-rate="1" complexity="NaN">
              <lines />
            </method>
            <method name="TryPeek" signature="(T&amp;)" line-rate="1" branch-rate="1" complexity="NaN">
              <lines />
            </method>
            <method name="TryPeek" signature="(System.Int32,T&amp;)" line-rate="1" branch-rate="1" complexity="NaN">
              <lines />
            </method>
            <method name="Pop" signature="()" line-rate="1" branch-rate="1" complexity="2">
              <lines />
            </method>
            <method name="TryPop" signature="(T&amp;)" line-rate="1" branch-rate="1" complexity="NaN">
              <lines />
            </method>
            <method name="Push" signature="(T)" line-rate="1" branch-rate="1" complexity="NaN">
              <lines />
            </method>
          </methods>
          <lines />
        </class>
        <class name="Antlr.Runtime.Misc.LookaheadStream`1" filename="j:\dev\github\sharwell\antlrcs\Reference\antlr3\runtime\CSharp3\Sources\Antlr3.Runtime\Misc\LookaheadStream.cs" line-rate="1" branch-rate="1" complexity="8">
          <methods>
            <method name="EndOfFile" signature="()" line-rate="1" branch-rate="1" complexity="NaN">
              <lines />
            </method>
            <method name="EndOfFile" signature="(T)" line-rate="1" branch-rate="1" complexity="NaN">
              <lines />
            </method>
            <method name="PreviousElement" signature="()" line-rate="1" branch-rate="1" complexity="NaN">
              <lines />
            </method>
            <method name="Count" signature="()" line-rate="1" branch-rate="1" complexity="NaN">
              <lines />
            </method>
            <method name="Index" signature="()" line-rate="1" branch-rate="1" complexity="NaN">
              <lines />
            </method>
            <method name="Reset" signature="()" line-rate="1" branch-rate="1" complexity="1">
              <lines />
            </method>
            <method name="Dequeue" signature="()" line-rate="1" branch-rate="1" complexity="3">
              <lines />
            </method>
            <method name="Consume" signature="()" line-rate="1" branch-rate="1" complexity="1">
              <lines />
            </method>
            <method name="SyncAhead" signature="(System.Int32)" line-rate="1" branch-rate="1" complexity="NaN">
              <lines />
            </method>
            <method name="Fill" signature="(System.Int32)" line-rate="1" branch-rate="1" complexity="NaN">
              <lines />
            </method>
            <method name="LT" signature="(System.Int32)" line-rate="1" branch-rate="1" complexity="NaN">
              <lines />
            </method>
            <method name="Mark" signature="()" line-rate="1" branch-rate="1" complexity="1">
              <lines />
            </method>
            <method name="Release" signature="(System.Int32)" line-rate="1" branch-rate="1" complexity="NaN">
              <lines />
            </method>
            <method name="Rewind" signature="(System.Int32)" line-rate="1" branch-rate="1" complexity="NaN">
              <lines />
            </method>
            <method name="Rewind" signature="()" line-rate="1" branch-rate="1" complexity="1">
              <lines />
            </method>
            <method name="Seek" signature="(System.Int32)" line-rate="1" branch-rate="1" complexity="NaN">
              <lines />
            </method>
            <method name="LB" signature="(System.Int32)" line-rate="1" branch-rate="1" complexity="NaN">
              <lines />
            </method>
            <method name=".ctor" signature="()" line-rate="1" branch-rate="1" complexity="1">
              <lines />
            </method>
          </methods>
          <lines />
        </class>
        <class name="Antlr.Runtime.MismatchedNotSetException" filename="j:\dev\github\sharwell\antlrcs\Reference\antlr3\runtime\CSharp3\Sources\Antlr3.Runtime\MismatchedNotSetException.cs" line-rate="1" branch-rate="1" complexity="2">
          <methods>
            <method name=".ctor" signature="()" line-rate="1" branch-rate="1" complexity="1">
              <lines />
            </method>
            <method name=".ctor" signature="(System.String)" line-rate="1" branch-rate="1" complexity="NaN">
              <lines />
            </method>
            <method name=".ctor" signature="(System.String,System.Exception)" line-rate="1" branch-rate="1" complexity="NaN">
              <lines />
            </method>
            <method name=".ctor" signature="(Antlr.Runtime.BitSet,Antlr.Runtime.IIntStream)" line-rate="1" branch-rate="1" complexity="NaN">
              <lines />
            </method>
            <method name=".ctor" signature="(System.String,Antlr.Runtime.BitSet,Antlr.Runtime.IIntStream)" line-rate="1" branch-rate="1" complexity="NaN">
              <lines />
            </method>
            <method name=".ctor" signature="(System.String,Antlr.Runtime.BitSet,Antlr.Runtime.IIntStream,System.Exception)" line-rate="1" branch-rate="1" complexity="NaN">
              <lines />
            </method>
            <method name=".ctor" signature="(System.Runtime.Serialization.SerializationInfo,System.Runtime.Serialization.StreamingContext)" line-rate="1" branch-rate="1" complexity="NaN">
              <lines />
            </method>
            <method name="ToString" signature="()" line-rate="1" branch-rate="1" complexity="1">
              <lines />
            </method>
          </methods>
          <lines />
        </class>
        <class name="Antlr.Runtime.MismatchedRangeException" filename="j:\dev\github\sharwell\antlrcs\Reference\antlr3\runtime\CSharp3\Sources\Antlr3.Runtime\MismatchedRangeException.cs" line-rate="1" branch-rate="1" complexity="2">
          <methods>
            <method name="A" signature="()" line-rate="1" branch-rate="1" complexity="NaN">
              <lines />
            </method>
            <method name="B" signature="()" line-rate="1" branch-rate="1" complexity="NaN">
              <lines />
            </method>
            <method name=".ctor" signature="()" line-rate="1" branch-rate="1" complexity="1">
              <lines />
            </method>
            <method name=".ctor" signature="(System.String)" line-rate="1" branch-rate="1" complexity="NaN">
              <lines />
            </method>
            <method name=".ctor" signature="(System.String,System.Exception)" line-rate="1" branch-rate="1" complexity="NaN">
              <lines />
            </method>
            <method name=".ctor" signature="(System.Int32,System.Int32,Antlr.Runtime.IIntStream)" line-rate="1" branch-rate="1" complexity="NaN">
              <lines />
            </method>
            <method name=".ctor" signature="(System.String,System.Int32,System.Int32,Antlr.Runtime.IIntStream)" line-rate="1" branch-rate="1" complexity="NaN">
              <lines />
            </method>
            <method name=".ctor" signature="(System.String,System.Int32,System.Int32,Antlr.Runtime.IIntStream,System.Exception)" line-rate="1" branch-rate="1" complexity="NaN">
              <lines />
            </method>
            <method name=".ctor" signature="(System.Runtime.Serialization.SerializationInfo,System.Runtime.Serialization.StreamingContext)" line-rate="1" branch-rate="1" complexity="NaN">
              <lines />
            </method>
            <method name="GetObjectData" signature="(System.Runtime.Serialization.SerializationInfo,System.Runtime.Serialization.StreamingContext)" line-rate="1" branch-rate="1" complexity="NaN">
              <lines />
            </method>
            <method name="ToString" signature="()" line-rate="1" branch-rate="1" complexity="1">
              <lines />
            </method>
          </methods>
          <lines />
        </class>
        <class name="Antlr.Runtime.MismatchedSetException" filename="j:\dev\github\sharwell\antlrcs\Reference\antlr3\runtime\CSharp3\Sources\Antlr3.Runtime\MismatchedSetException.cs" line-rate="1" branch-rate="1" complexity="2">
          <methods>
            <method name="Expecting" signature="()" line-rate="1" branch-rate="1" complexity="NaN">
              <lines />
            </method>
            <method name=".ctor" signature="()" line-rate="1" branch-rate="1" complexity="1">
              <lines />
            </method>
            <method name=".ctor" signature="(System.String)" line-rate="1" branch-rate="1" complexity="NaN">
              <lines />
            </method>
            <method name=".ctor" signature="(System.String,System.Exception)" line-rate="1" branch-rate="1" complexity="NaN">
              <lines />
            </method>
            <method name=".ctor" signature="(Antlr.Runtime.BitSet,Antlr.Runtime.IIntStream)" line-rate="1" branch-rate="1" complexity="NaN">
              <lines />
            </method>
            <method name=".ctor" signature="(System.String,Antlr.Runtime.BitSet,Antlr.Runtime.IIntStream)" line-rate="1" branch-rate="1" complexity="NaN">
              <lines />
            </method>
            <method name=".ctor" signature="(System.String,Antlr.Runtime.BitSet,Antlr.Runtime.IIntStream,System.Exception)" line-rate="1" branch-rate="1" complexity="NaN">
              <lines />
            </method>
            <method name=".ctor" signature="(System.Runtime.Serialization.SerializationInfo,System.Runtime.Serialization.StreamingContext)" line-rate="1" branch-rate="1" complexity="NaN">
              <lines />
            </method>
            <method name="GetObjectData" signature="(System.Runtime.Serialization.SerializationInfo,System.Runtime.Serialization.StreamingContext)" line-rate="1" branch-rate="1" complexity="NaN">
              <lines />
            </method>
            <method name="ToString" signature="()" line-rate="1" branch-rate="1" complexity="1">
              <lines />
            </method>
          </methods>
          <lines />
        </class>
        <class name="Antlr.Runtime.MismatchedTokenException" filename="j:\dev\github\sharwell\antlrcs\Reference\antlr3\runtime\CSharp3\Sources\Antlr3.Runtime\MismatchedTokenException.cs" line-rate="1" branch-rate="1" complexity="8">
          <methods>
            <method name="Expecting" signature="()" line-rate="1" branch-rate="1" complexity="NaN">
              <lines />
            </method>
            <method name="TokenNames" signature="()" line-rate="1" branch-rate="1" complexity="NaN">
              <lines />
            </method>
            <method name=".ctor" signature="()" line-rate="1" branch-rate="1" complexity="1">
              <lines />
            </method>
            <method name=".ctor" signature="(System.String)" line-rate="1" branch-rate="1" complexity="NaN">
              <lines />
            </method>
            <method name=".ctor" signature="(System.String,System.Exception)" line-rate="1" branch-rate="1" complexity="NaN">
              <lines />
            </method>
            <method name=".ctor" signature="(System.Int32,Antlr.Runtime.IIntStream)" line-rate="1" branch-rate="1" complexity="NaN">
              <lines />
            </method>
            <method name=".ctor" signature="(System.Int32,Antlr.Runtime.IIntStream,System.Collections.Generic.IList`1&lt;System.String&gt;)" line-rate="1" branch-rate="1" complexity="NaN">
              <lines />
            </method>
            <method name=".ctor" signature="(System.String,System.Int32,Antlr.Runtime.IIntStream,System.Collections.Generic.IList`1&lt;System.String&gt;)" line-rate="1" branch-rate="1" complexity="NaN">
              <lines />
            </method>
            <method name=".ctor" signature="(System.String,System.Int32,Antlr.Runtime.IIntStream,System.Collections.Generic.IList`1&lt;System.String&gt;,System.Exception)" line-rate="1" branch-rate="1" complexity="NaN">
              <lines />
            </method>
            <method name=".ctor" signature="(System.Runtime.Serialization.SerializationInfo,System.Runtime.Serialization.StreamingContext)" line-rate="1" branch-rate="1" complexity="NaN">
              <lines />
            </method>
            <method name="GetObjectData" signature="(System.Runtime.Serialization.SerializationInfo,System.Runtime.Serialization.StreamingContext)" line-rate="1" branch-rate="1" complexity="NaN">
              <lines />
            </method>
            <method name="ToString" signature="()" line-rate="1" branch-rate="1" complexity="7">
              <lines />
            </method>
          </methods>
          <lines />
        </class>
        <class name="Antlr.Runtime.MismatchedTreeNodeException" filename="j:\dev\github\sharwell\antlrcs\Reference\antlr3\runtime\CSharp3\Sources\Antlr3.Runtime\MismatchedTreeNodeException.cs" line-rate="1" branch-rate="1" complexity="2">
          <methods>
            <method name="Expecting" signature="()" line-rate="1" branch-rate="1" complexity="NaN">
              <lines />
            </method>
            <method name=".ctor" signature="()" line-rate="1" branch-rate="1" complexity="1">
              <lines />
            </method>
            <method name=".ctor" signature="(System.String)" line-rate="1" branch-rate="1" complexity="NaN">
              <lines />
            </method>
            <method name=".ctor" signature="(System.String,System.Exception)" line-rate="1" branch-rate="1" complexity="NaN">
              <lines />
            </method>
            <method name=".ctor" signature="(System.Int32,Antlr.Runtime.Tree.ITreeNodeStream)" line-rate="1" branch-rate="1" complexity="NaN">
              <lines />
            </method>
            <method name=".ctor" signature="(System.String,System.Int32,Antlr.Runtime.Tree.ITreeNodeStream)" line-rate="1" branch-rate="1" complexity="NaN">
              <lines />
            </method>
            <method name=".ctor" signature="(System.String,System.Int32,Antlr.Runtime.Tree.ITreeNodeStream,System.Exception)" line-rate="1" branch-rate="1" complexity="NaN">
              <lines />
            </method>
            <method name=".ctor" signature="(System.Runtime.Serialization.SerializationInfo,System.Runtime.Serialization.StreamingContext)" line-rate="1" branch-rate="1" complexity="NaN">
              <lines />
            </method>
            <method name="GetObjectData" signature="(System.Runtime.Serialization.SerializationInfo,System.Runtime.Serialization.StreamingContext)" line-rate="1" branch-rate="1" complexity="NaN">
              <lines />
            </method>
            <method name="ToString" signature="()" line-rate="1" branch-rate="1" complexity="1">
              <lines />
            </method>
          </methods>
          <lines />
        </class>
        <class name="Antlr.Runtime.MissingTokenException" filename="j:\dev\github\sharwell\antlrcs\Reference\antlr3\runtime\CSharp3\Sources\Antlr3.Runtime\MissingTokenException.cs" line-rate="1" branch-rate="1" complexity="5">
          <methods>
            <method name="MissingType" signature="()" line-rate="1" branch-rate="1" complexity="NaN">
              <lines />
            </method>
            <method name=".ctor" signature="()" line-rate="1" branch-rate="1" complexity="1">
              <lines />
            </method>
            <method name=".ctor" signature="(System.String)" line-rate="1" branch-rate="1" complexity="NaN">
              <lines />
            </method>
            <method name=".ctor" signature="(System.String,System.Exception)" line-rate="1" branch-rate="1" complexity="NaN">
              <lines />
            </method>
            <method name=".ctor" signature="(System.Int32,Antlr.Runtime.IIntStream,System.Object)" line-rate="1" branch-rate="1" complexity="NaN">
              <lines />
            </method>
            <method name=".ctor" signature="(System.Int32,Antlr.Runtime.IIntStream,System.Object,System.Collections.Generic.IList`1&lt;System.String&gt;)" line-rate="1" branch-rate="1" complexity="NaN">
              <lines />
            </method>
            <method name=".ctor" signature="(System.String,System.Int32,Antlr.Runtime.IIntStream,System.Object,System.Collections.Generic.IList`1&lt;System.String&gt;)" line-rate="1" branch-rate="1" complexity="NaN">
              <lines />
            </method>
            <method name=".ctor" signature="(System.String,System.Int32,Antlr.Runtime.IIntStream,System.Object,System.Collections.Generic.IList`1&lt;System.String&gt;,System.Exception)" line-rate="1" branch-rate="1" complexity="NaN">
              <lines />
            </method>
            <method name=".ctor" signature="(System.Runtime.Serialization.SerializationInfo,System.Runtime.Serialization.StreamingContext)" line-rate="1" branch-rate="1" complexity="NaN">
              <lines />
            </method>
            <method name="ToString" signature="()" line-rate="1" branch-rate="1" complexity="4">
              <lines />
            </method>
          </methods>
          <lines />
        </class>
        <class name="Antlr.Runtime.NoViableAltException" filename="j:\dev\github\sharwell\antlrcs\Reference\antlr3\runtime\CSharp3\Sources\Antlr3.Runtime\NoViableAltException.cs" line-rate="1" branch-rate="1" complexity="3">
          <methods>
            <method name="DecisionNumber" signature="()" line-rate="1" branch-rate="1" complexity="NaN">
              <lines />
            </method>
            <method name="GrammarDecisionDescription" signature="()" line-rate="1" branch-rate="1" complexity="NaN">
              <lines />
            </method>
            <method name="StateNumber" signature="()" line-rate="1" branch-rate="1" complexity="NaN">
              <lines />
            </method>
            <method name=".ctor" signature="()" line-rate="1" branch-rate="1" complexity="1">
              <lines />
            </method>
            <method name=".ctor" signature="(System.String)" line-rate="1" branch-rate="1" complexity="NaN">
              <lines />
            </method>
            <method name=".ctor" signature="(System.String,System.String)" line-rate="1" branch-rate="1" complexity="NaN">
              <lines />
            </method>
            <method name=".ctor" signature="(System.String,System.String,System.Exception)" line-rate="1" branch-rate="1" complexity="NaN">
              <lines />
            </method>
            <method name=".ctor" signature="(System.String,System.Int32,System.Int32,Antlr.Runtime.IIntStream)" line-rate="1" branch-rate="1" complexity="NaN">
              <lines />
            </method>
            <method name=".ctor" signature="(System.String,System.Int32,System.Int32,Antlr.Runtime.IIntStream,System.Int32)" line-rate="1" branch-rate="1" complexity="NaN">
              <lines />
            </method>
            <method name=".ctor" signature="(System.String,System.String,System.Int32,System.Int32,Antlr.Runtime.IIntStream)" line-rate="1" branch-rate="1" complexity="NaN">
              <lines />
            </method>
            <method name=".ctor" signature="(System.String,System.String,System.Int32,System.Int32,Antlr.Runtime.IIntStream,System.Int32)" line-rate="1" branch-rate="1" complexity="NaN">
              <lines />
            </method>
            <method name=".ctor" signature="(System.String,System.String,System.Int32,System.Int32,Antlr.Runtime.IIntStream,System.Exception)" line-rate="1" branch-rate="1" complexity="NaN">
              <lines />
            </method>
            <method name=".ctor" signature="(System.String,System.String,System.Int32,System.Int32,Antlr.Runtime.IIntStream,System.Int32,System.Exception)" line-rate="1" branch-rate="1" complexity="NaN">
              <lines />
            </method>
            <method name=".ctor" signature="(System.Runtime.Serialization.SerializationInfo,System.Runtime.Serialization.StreamingContext)" line-rate="1" branch-rate="1" complexity="NaN">
              <lines />
            </method>
            <method name="GetObjectData" signature="(System.Runtime.Serialization.SerializationInfo,System.Runtime.Serialization.StreamingContext)" line-rate="1" branch-rate="1" complexity="NaN">
              <lines />
            </method>
            <method name="ToString" signature="()" line-rate="1" branch-rate="1" complexity="2">
              <lines />
            </method>
          </methods>
          <lines />
        </class>
        <class name="Antlr.Runtime.Parser" filename="j:\dev\github\sharwell\antlrcs\Reference\antlr3\runtime\CSharp3\Sources\Antlr3.Runtime\Parser.cs" line-rate="1" branch-rate="1" complexity="2">
          <methods>
            <method name="TokenStream" signature="()" line-rate="1" branch-rate="1" complexity="NaN">
              <lines />
            </method>
[...]
              <lines />
            </method>
            <method name="RequireXunitTestProperty" signature="(System.Boolean)" line-rate="1" branch-rate="1" complexity="NaN">
              <lines />
            </method>
          </methods>
          <lines />
        </class>
        <class name="Xunit.Runner.VisualStudio.VisualStudioRunnerLogger" filename="/_/src/xunit.runner.visualstudio/Utility/VisualStudioRunnerLogger.cs" line-rate="1" branch-rate="1" complexity="1">
          <methods>
            <method name="LockObject" signature="()" line-rate="1" branch-rate="1" complexity="NaN">
              <lines />
            </method>
            <method name=".ctor" signature="(LoggerHelper)" line-rate="1" branch-rate="1" complexity="NaN">
              <lines />
            </method>
            <method name="LogError" signature="(Xunit.StackFrameInfo,System.String)" line-rate="1" branch-rate="1" complexity="NaN">
              <lines />
            </method>
            <method name="LogImportantMessage" signature="(Xunit.StackFrameInfo,System.String)" line-rate="1" branch-rate="1" complexity="NaN">
              <lines />
            </method>
            <method name="LogMessage" signature="(Xunit.StackFrameInfo,System.String)" line-rate="1" branch-rate="1" complexity="NaN">
              <lines />
            </method>
            <method name="LogWarning" signature="(Xunit.StackFrameInfo,System.String)" line-rate="1" branch-rate="1" complexity="NaN">
              <lines />
            </method>
            <method name=".cctor" signature="()" line-rate="1" branch-rate="1" complexity="1">
              <lines />
            </method>
          </methods>
          <lines />
        </class>
        <class name="Xunit.Runner.VisualStudio.VsDiscoverySink" filename="/_/src/xunit.runner.visualstudio/Sinks/VsDiscoverySink.cs" line-rate="1" branch-rate="1" complexity="12">
          <methods>
            <method name="Finished" signature="()" line-rate="1" branch-rate="1" complexity="NaN">
              <lines />
            </method>
            <method name="TotalTests" signature="()" line-rate="1" branch-rate="1" complexity="NaN">
              <lines />
            </method>
            <method name="TotalTests" signature="(System.Int32)" line-rate="1" branch-rate="1" complexity="NaN">
              <lines />
            </method>
            <method name=".ctor" signature="(System.String,Xunit.Abstractions.ITestFrameworkDiscoverer,LoggerHelper,Microsoft.VisualStudio.TestPlatform.ObjectModel.Adapter.ITestCaseDiscoverySink,Xunit.Abstractions.ITestFrameworkDiscoveryOptions,Xunit.Runner.VisualStudio.TestPlatformContext,Xunit.Runner.VisualStudio.TestCaseFilter,System.Func`1&lt;System.Boolean&gt;)" line-rate="1" branch-rate="1" complexity="NaN">
              <lines />
            </method>
            <method name="Dispose" signature="()" line-rate="1" branch-rate="1" complexity="1">
              <lines />
            </method>
            <method name="CreateVsTestCase" signature="(System.String,Xunit.TestCaseDescriptor,LoggerHelper,Xunit.Runner.VisualStudio.TestPlatformContext)" line-rate="1" branch-rate="1" complexity="NaN">
              <lines />
            </method>
            <method name="Escape" signature="(System.String)" line-rate="1" branch-rate="1" complexity="NaN">
              <lines />
            </method>
            <method name="Truncate" signature="(System.String)" line-rate="1" branch-rate="1" complexity="NaN">
              <lines />
            </method>
            <method name="Finish" signature="()" line-rate="1" branch-rate="1" complexity="1">
              <lines />
            </method>
            <method name="GetAddTraitThunk" signature="()" line-rate="1" branch-rate="1" complexity="3">
              <lines />
            </method>
            <method name="HandleCancellation" signature="(Xunit.MessageHandlerArgs)" line-rate="1" branch-rate="1" complexity="NaN">
              <lines />
            </method>
            <method name="HandleTestCaseDiscoveryMessage" signature="(Xunit.MessageHandlerArgs`1&lt;Xunit.Abstractions.ITestCaseDiscoveryMessage&gt;)" line-rate="1" branch-rate="1" complexity="NaN">
              <lines />
            </method>
            <method name="HandleDiscoveryCompleteMessage" signature="(Xunit.MessageHandlerArgs`1&lt;Xunit.Abstractions.IDiscoveryCompleteMessage&gt;)" line-rate="1" branch-rate="1" complexity="NaN">
              <lines />
            </method>
            <method name="Xunit.IMessageSinkWithTypes.OnMessageWithTypes" signature="(Xunit.Abstractions.IMessageSinkMessage,System.Collections.Generic.HashSet`1&lt;System.String&gt;)" line-rate="1" branch-rate="1" complexity="NaN">
              <lines />
            </method>
            <method name="SendExistingTestCases" signature="()" line-rate="1" branch-rate="1" complexity="6">
              <lines />
            </method>
            <method name="GuidFromString" signature="(System.String)" line-rate="1" branch-rate="1" complexity="NaN">
              <lines />
            </method>
            <method name=".cctor" signature="()" line-rate="1" branch-rate="1" complexity="1">
              <lines />
            </method>
          </methods>
          <lines />
        </class>
        <class name="Xunit.Runner.VisualStudio.VsExecutionDiscoverySink" filename="/_/src/xunit.runner.visualstudio/Sinks/VsExecutionDiscoverySink.cs" line-rate="1" branch-rate="1" complexity="1">
          <methods>
            <method name=".ctor" signature="(System.Func`1&lt;System.Boolean&gt;)" line-rate="1" branch-rate="1" complexity="NaN">
              <lines />
            </method>
            <method name="Finish" signature="()" line-rate="1" branch-rate="1" complexity="1">
              <lines />
            </method>
          </methods>
          <lines />
        </class>
        <class name="Xunit.Runner.VisualStudio.VsExecutionSink" filename="/_/src/xunit.runner.visualstudio/Sinks/VsExecutionSink.cs" line-rate="1" branch-rate="1" complexity="1">
          <methods>
            <method name="ExecutionSummary" signature="()" line-rate="1" branch-rate="1" complexity="NaN">
              <lines />
            </method>
            <method name="ExecutionSummary" signature="(Xunit.ExecutionSummary)" line-rate="1" branch-rate="1" complexity="NaN">
              <lines />
            </method>
            <method name="Finished" signature="()" line-rate="1" branch-rate="1" complexity="NaN">
              <lines />
            </method>
            <method name=".ctor" signature="(Xunit.IMessageSinkWithTypes,Microsoft.VisualStudio.TestPlatform.ObjectModel.Adapter.ITestExecutionRecorder,LoggerHelper,System.Collections.Generic.Dictionary`2&lt;System.String,Microsoft.VisualStudio.TestPlatform.ObjectModel.TestCase&gt;,Xunit.Abstractions.ITestFrameworkExecutionOptions,System.Func`1&lt;System.Boolean&gt;)" line-rate="1" branch-rate="1" complexity="NaN">
              <lines />
            </method>
            <method name="Dispose" signature="()" line-rate="1" branch-rate="1" complexity="1">
              <lines />
            </method>
            <method name="FindTestCase" signature="(Xunit.Abstractions.ITestCase)" line-rate="1" branch-rate="1" complexity="NaN">
              <lines />
            </method>
            <method name="TryAndReport" signature="(System.String,Xunit.Abstractions.ITestCase,System.Action)" line-rate="1" branch-rate="1" complexity="NaN">
              <lines />
            </method>
            <method name="HandleCancellation" signature="(Xunit.MessageHandlerArgs)" line-rate="1" branch-rate="1" complexity="NaN">
              <lines />
            </method>
            <method name="HandleErrorMessage" signature="(Xunit.MessageHandlerArgs`1&lt;Xunit.Abstractions.IErrorMessage&gt;)" line-rate="1" branch-rate="1" complexity="NaN">
              <lines />
            </method>
            <method name="HandleTestAssemblyFinished" signature="(Xunit.MessageHandlerArgs`1&lt;Xunit.Abstractions.ITestAssemblyFinished&gt;)" line-rate="1" branch-rate="1" complexity="NaN">
              <lines />
            </method>
            <method name="HandleTestFailed" signature="(Xunit.MessageHandlerArgs`1&lt;Xunit.Abstractions.ITestFailed&gt;)" line-rate="1" branch-rate="1" complexity="NaN">
              <lines />
            </method>
            <method name="HandleTestPassed" signature="(Xunit.MessageHandlerArgs`1&lt;Xunit.Abstractions.ITestPassed&gt;)" line-rate="1" branch-rate="1" complexity="NaN">
              <lines />
            </method>
            <method name="HandleTestSkipped" signature="(Xunit.MessageHandlerArgs`1&lt;Xunit.Abstractions.ITestSkipped&gt;)" line-rate="1" branch-rate="1" complexity="NaN">
              <lines />
            </method>
            <method name="HandleTestCaseStarting" signature="(Xunit.MessageHandlerArgs`1&lt;Xunit.Abstractions.ITestCaseStarting&gt;)" line-rate="1" branch-rate="1" complexity="NaN">
              <lines />
            </method>
            <method name="HandleTestCaseFinished" signature="(Xunit.MessageHandlerArgs`1&lt;Xunit.Abstractions.ITestCaseFinished&gt;)" line-rate="1" branch-rate="1" complexity="NaN">
              <lines />
            </method>
            <method name="HandleTestAssemblyCleanupFailure" signature="(Xunit.MessageHandlerArgs`1&lt;Xunit.Abstractions.ITestAssemblyCleanupFailure&gt;)" line-rate="1" branch-rate="1" complexity="NaN">
              <lines />
            </method>
            <method name="HandleTestCaseCleanupFailure" signature="(Xunit.MessageHandlerArgs`1&lt;Xunit.Abstractions.ITestCaseCleanupFailure&gt;)" line-rate="1" branch-rate="1" complexity="NaN">
              <lines />
            </method>
            <method name="HandleTestClassCleanupFailure" signature="(Xunit.MessageHandlerArgs`1&lt;Xunit.Abstractions.ITestClassCleanupFailure&gt;)" line-rate="1" branch-rate="1" complexity="NaN">
              <lines />
            </method>
            <method name="HandleTestCollectionCleanupFailure" signature="(Xunit.MessageHandlerArgs`1&lt;Xunit.Abstractions.ITestCollectionCleanupFailure&gt;)" line-rate="1" branch-rate="1" complexity="NaN">
              <lines />
            </method>
            <method name="HandleTestCleanupFailure" signature="(Xunit.MessageHandlerArgs`1&lt;Xunit.Abstractions.ITestCleanupFailure&gt;)" line-rate="1" branch-rate="1" complexity="NaN">
              <lines />
            </method>
            <method name="HandleTestMethodCleanupFailure" signature="(Xunit.MessageHandlerArgs`1&lt;Xunit.Abstractions.ITestMethodCleanupFailure&gt;)" line-rate="1" branch-rate="1" complexity="NaN">
              <lines />
            </method>
            <method name="WriteError" signature="(System.String,Xunit.Abstractions.IFailureInformation,System.Collections.Generic.IEnumerable`1&lt;Xunit.Abstractions.ITestCase&gt;)" line-rate="1" branch-rate="1" complexity="NaN">
              <lines />
            </method>
            <method name="MakeVsTestResult" signature="(Microsoft.VisualStudio.TestPlatform.ObjectModel.TestOutcome,Xunit.Abstractions.ITestResultMessage)" line-rate="1" branch-rate="1" complexity="NaN">
              <lines />
            </method>
            <method name="MakeVsTestResult" signature="(Microsoft.VisualStudio.TestPlatform.ObjectModel.TestOutcome,Xunit.Abstractions.ITestSkipped)" line-rate="1" branch-rate="1" complexity="NaN">
              <lines />
            </method>
            <method name="MakeVsTestResult" signature="(Microsoft.VisualStudio.TestPlatform.ObjectModel.TestOutcome,Xunit.Abstractions.ITestCase,System.String,System.Double,System.String)" line-rate="1" branch-rate="1" complexity="NaN">
              <lines />
            </method>
            <method name="GetAggregatedTestOutcome" signature="(Xunit.Abstractions.ITestCaseFinished)" line-rate="1" branch-rate="1" complexity="NaN">
              <lines />
            </method>
            <method name="OnMessageWithTypes" signature="(Xunit.Abstractions.IMessageSinkMessage,System.Collections.Generic.HashSet`1&lt;System.String&gt;)" line-rate="1" branch-rate="1" complexity="NaN">
              <lines />
            </method>
          </methods>
          <lines />
        </class>
        <class name="Xunit.Runner.VisualStudio.VsTestRunner" filename="/_/src/xunit.runner.visualstudio/VsTestRunner.cs" line-rate="1" branch-rate="1" complexity="3">
          <methods>
            <method name="Cancel" signature="()" line-rate="1" branch-rate="1" complexity="1">
              <lines />
            </method>
            <method name="Microsoft.VisualStudio.TestPlatform.ObjectModel.Adapter.ITestDiscoverer.DiscoverTests" signature="(System.Collections.Generic.IEnumerable`1&lt;System.String&gt;,Microsoft.VisualStudio.TestPlatform.ObjectModel.Adapter.IDiscoveryContext,Microsoft.VisualStudio.TestPlatform.ObjectModel.Logging.IMessageLogger,Microsoft.VisualStudio.TestPlatform.ObjectModel.Adapter.ITestCaseDiscoverySink)" line-rate="1" branch-rate="1" complexity="NaN">
              <lines />
            </method>
            <method name="PrintHeader" signature="(LoggerHelper)" line-rate="1" branch-rate="1" complexity="NaN">
              <lines />
            </method>
            <method name="Microsoft.VisualStudio.TestPlatform.ObjectModel.Adapter.ITestExecutor.RunTests" signature="(System.Collections.Generic.IEnumerable`1&lt;System.String&gt;,Microsoft.VisualStudio.TestPlatform.ObjectModel.Adapter.IRunContext,Microsoft.VisualStudio.TestPlatform.ObjectModel.Adapter.IFrameworkHandle)" line-rate="1" branch-rate="1" complexity="NaN">
              <lines />
            </method>
            <method name="Microsoft.VisualStudio.TestPlatform.ObjectModel.Adapter.ITestExecutor.RunTests" signature="(System.Collections.Generic.IEnumerable`1&lt;Microsoft.VisualStudio.TestPlatform.ObjectModel.TestCase&gt;,Microsoft.VisualStudio.TestPlatform.ObjectModel.Adapter.IRunContext,Microsoft.VisualStudio.TestPlatform.ObjectModel.Adapter.IFrameworkHandle)" line-rate="1" branch-rate="1" complexity="NaN">
              <lines />
            </method>
            <method name="ContainsAppX" signature="(System.Collections.Generic.IEnumerable`1&lt;System.String&gt;)" line-rate="1" branch-rate="1" complexity="NaN">
              <lines />
            </method>
            <method name="DiscoverTests" signature="(System.Collections.Generic.IEnumerable`1&lt;System.String&gt;,LoggerHelper,Xunit.Runner.VisualStudio.TestPlatformContext,Xunit.Runner.VisualStudio.RunSettings,System.Func`4&lt;System.String,Xunit.Abstractions.ITestFrameworkDiscoverer,Xunit.Abstractions.ITestFrameworkDiscoveryOptions,TVisitor&gt;,System.Action`4&lt;System.String,Xunit.Abstractions.ITestFrameworkDiscoverer,Xunit.Abstractions.ITestFrameworkDiscoveryOptions,TVisitor&gt;)" line-rate="1" branch-rate="1" complexity="NaN">
              <lines />
            </method>
            <method name="DiscoverTestsInSource" signature="(Xunit.XunitFrontController,LoggerHelper,Xunit.Runner.VisualStudio.TestPlatformContext,Xunit.Runner.VisualStudio.RunSettings,System.Func`4&lt;System.String,Xunit.Abstractions.ITestFrameworkDiscoverer,Xunit.Abstractions.ITestFrameworkDiscoveryOptions,TVisitor&gt;,System.Action`4&lt;System.String,Xunit.Abstractions.ITestFrameworkDiscoverer,Xunit.Abstractions.ITestFrameworkDiscoveryOptions,TVisitor&gt;,System.String,System.Boolean,Xunit.TestAssemblyConfiguration)" line-rate="1" branch-rate="1" complexity="NaN">
              <lines />
            </method>
            <method name="GetConfigurationStreamForAssembly" signature="(System.String)" line-rate="1" branch-rate="1" complexity="NaN">
              <lines />
            </method>
            <method name="GetTestProperty" signature="()" line-rate="1" branch-rate="1" complexity="1">
              <lines />
            </method>
            <method name="IsXunitTestAssembly" signature="(System.String)" line-rate="1" branch-rate="1" complexity="NaN">
              <lines />
            </method>
            <method name="GetAssemblyFileName" signature="(System.String)" line-rate="1" branch-rate="1" complexity="NaN">
              <lines />
            </method>
            <method name="LoadConfiguration" signature="(System.String)" line-rate="1" branch-rate="1" complexity="NaN">
              <lines />
            </method>
            <method name="RunTests" signature="(Microsoft.VisualStudio.TestPlatform.ObjectModel.Adapter.IRunContext,Microsoft.VisualStudio.TestPlatform.ObjectModel.Adapter.IFrameworkHandle,LoggerHelper,Xunit.Runner.VisualStudio.TestPlatformContext,Xunit.Runner.VisualStudio.RunSettings,System.Func`1&lt;System.Collections.Generic.List`1&lt;Xunit.Runner.VisualStudio.AssemblyRunInfo&gt;&gt;)" line-rate="1" branch-rate="1" complexity="NaN">
              <lines />
            </method>
            <method name="RunTestsInAssembly" signature="(Microsoft.VisualStudio.TestPlatform.ObjectModel.Adapter.IRunContext,Microsoft.VisualStudio.TestPlatform.ObjectModel.Adapter.IFrameworkHandle,LoggerHelper,Xunit.Runner.VisualStudio.TestPlatformContext,Xunit.Runner.VisualStudio.RunSettings,Xunit.IMessageSinkWithTypes,Xunit.Runner.VisualStudio.AssemblyRunInfo)" line-rate="1" branch-rate="1" complexity="NaN">
              <lines />
            </method>
            <method name="RunTestsInAssemblyAsync" signature="(Microsoft.VisualStudio.TestPlatform.ObjectModel.Adapter.IRunContext,Microsoft.VisualStudio.TestPlatform.ObjectModel.Adapter.IFrameworkHandle,LoggerHelper,Xunit.Runner.VisualStudio.TestPlatformContext,Xunit.Runner.VisualStudio.RunSettings,Xunit.IMessageSinkWithTypes,Xunit.Runner.VisualStudio.AssemblyRunInfo)" line-rate="1" branch-rate="1" complexity="NaN">
              <lines />
            </method>
            <method name="GetRunnerReporter" signature="(LoggerHelper,Xunit.Runner.VisualStudio.RunSettings,System.Collections.Generic.IEnumerable`1&lt;System.String&gt;)" line-rate="1" branch-rate="1" complexity="NaN">
              <lines />
            </method>
            <method name="GetAvailableRunnerReporters" signature="(System.Collections.Generic.IEnumerable`1&lt;System.String&gt;)" line-rate="1" branch-rate="1" complexity="NaN">
              <lines />
            </method>
            <method name="GetVsTestCases" signature="(System.String,Xunit.Abstractions.ITestFrameworkDiscoverer,Xunit.Runner.VisualStudio.VsExecutionDiscoverySink,LoggerHelper,Xunit.Runner.VisualStudio.TestPlatformContext)" line-rate="1" branch-rate="1" complexity="NaN">
              <lines />
            </method>
            <method name=".cctor" signature="()" line-rate="1" branch-rate="1" complexity="1">
              <lines />
            </method>
            <method name="Name" signature="()" line-rate="1" branch-rate="1" complexity="NaN">
              <lines />
            </method>
            <method name="TraitNames" signature="()" line-rate="1" branch-rate="1" complexity="NaN">
              <lines />
            </method>
            <method name="VSTestCase" signature="()" line-rate="1" branch-rate="1" complexity="NaN">
              <lines />
            </method>
            <method name="TestCase" signature="()" line-rate="1" branch-rate="1" complexity="NaN">
              <lines />
            </method>
            <method name="UniqueID" signature="()" line-rate="1" branch-rate="1" complexity="NaN">
              <lines />
            </method>
            <method name=".ctor" signature="(System.String,Xunit.TestCaseDescriptor,Xunit.Abstractions.ITestCase,LoggerHelper,Xunit.Runner.VisualStudio.TestPlatformContext)" line-rate="1" branch-rate="1" complexity="NaN">
              <lines />
            </method>
          </methods>
          <lines />
        </class>
      </classes>
    </package>
  </packages>
</coverage>